<?xml version="1.0" encoding="UTF-8"?>
<!-- Generated by org.testng.reporters.JUnitXMLReporter -->
<testsuite ignored="0" hostname="DESKTOP-67CCEFI" failures="1" tests="8" name="Test" time="23.952" errors="0" timestamp="2024-08-16T15:39:15 GMT-05:00">
  <testcase classname="com.testautomation.apitesting.tests.PutAPIRequest" name="putAPIRequest" time="18.248"/>
  <testcase classname="com.testautomation.apitesting.tests.PostAPIRequestUsingFile" name="postAPIRequest" time="1.082">
    <failure type="java.lang.AssertionError" message="expected [Tester] but found [api testing]">
      <![CDATA[java.lang.AssertionError: expected [Tester] but found [api testing]
at com.testautomation.apitesting.tests.PostAPIRequestUsingFile.postAPIRequest(PostAPIRequestUsingFile.java:41)
at java.base/java.util.ArrayList.forEach(ArrayList.java:1511)
... Removed 33 stack frames]]>
    </failure>
  </testcase> <!-- postAPIRequest -->
  <testcase classname="com.testautomation.apitesting.tests.GetAPIRequest" name="getapirequest" time="1.321"/>
  <testcase classname="com.testautomation.apitesting.utils.BaseTest" name="BeforeMethod" time="0.005"/>
  <testcase classname="com.testautomation.apitesting.tests.PatchAPIRequest" name="patchAPIRequest" time="0.017"/>
  <testcase classname="com.testautomation.apitesting.tests.DeleteAPIRequest" name="patchAPIRequest" time="0.009"/>
  <testcase classname="com.testautomation.apitesting.tests.PostAPIRequest" name="creatingbooking" time="3.076"/>
  <testcase classname="com.testautomation.apitesting.utils.BaseTest" name="BeforeMethod" time="0.028"/>
</testsuite> <!-- Test -->
