<?xml version="1.0" encoding="UTF-8"?>
<testng-results ignored="0" total="1" passed="1" failed="0" skipped="0">
  <reporter-output>
  </reporter-output>
  <suite started-at="2024-08-16T15:43:50 GMT-05:00" name="Default suite" finished-at="2024-08-16T15:43:50 GMT-05:00" duration-ms="147">
    <groups>
    </groups>
    <test started-at="2024-08-16T15:43:50 GMT-05:00" name="Default test" finished-at="2024-08-16T15:43:50 GMT-05:00" duration-ms="147">
      <class name="com.testautomation.apitesting.tests.DeleteAPIRequest">
        <test-method signature="patchAPIRequest()[pri:0, instance:com.testautomation.apitesting.tests.DeleteAPIRequest@79e2c065]" started-at="2024-08-16T15:43:50 GMT-05:00" name="patchAPIRequest" finished-at="2024-08-16T15:43:50 GMT-05:00" duration-ms="55" status="PASS">
          <reporter-output>
          </reporter-output>
        </test-method> <!-- patchAPIRequest -->
      </class> <!-- com.testautomation.apitesting.tests.DeleteAPIRequest -->
    </test> <!-- Default test -->
  </suite> <!-- Default suite -->
</testng-results>
